<?xml version="1.0" encoding="UTF-8"?>
<!-- Generated by org.testng.reporters.JUnitReportReporter -->
<testsuite hostname="Nazmul_Lenovo" failures="0" tests="1" name="test.LoginTest" time="6.855" errors="0" timestamp="2022-09-02T21:05:35 CDT" skipped="0">
  <testcase classname="test.LoginTest" name="ValidUserShouldBeAbleToLogin" time="6.855"/>
  <system-out/>
</testsuite> <!-- test.LoginTest -->
