<?xml version="1.0" encoding="UTF-8"?>
<!-- Generated by org.testng.reporters.JUnitReportReporter -->
<testsuite hostname="Nazmul_Lenovo" failures="0" tests="1" name="test.AddCustomerTest" time="17.207" errors="0" timestamp="2022-09-03T01:29:11 CDT" skipped="0">
  <testcase classname="test.AddCustomerTest" name="ValidUserShouldBeAbleToLogin" time="17.207"/>
  <system-out/>
</testsuite> <!-- test.AddCustomerTest -->
